{"detail":"'patient' is not among the defined enum values. Enum name: userrole. Possible values: PATIENT, PRACTITIONE.., ADMIN","trace":"Traceback (most recent call last):\n  File \"C:\\Users\\LENOVO\\AppData\\Roaming\\Python\\Python313\\site-packages\\sqlalchemy\\sql\\sqltypes.py\", line 1709, in _object_value_for_elem\n    return self._object_lookup[elem]  # type: ignore[return-value]\n           ~~~~~~~~~~~~~~~~~~~^^^^^^\nKeyError: 'patient'\n\nThe above exception was the direct cause of the following exception:\n\nTraceback (most recent call last):\n  File \"C:\\Users\\LENOVO\\OneDrive\\Desktop\\Ayursutra\\backend\\main.py\", line 2406, in get_debug_db_data\n    users = db.query(User).all()\n  File \"C:\\Users\\LENOVO\\AppData\\Roaming\\Python\\Python313\\site-packages\\sqlalchemy\\orm\\query.py\", line 2704, in all\n    return self._iter().all()  # type: ignore\n           ~~~~~~~~~~~~~~~~^^\n  File \"C:\\Users\\LENOVO\\AppData\\Roaming\\Python\\Python313\\site-packages\\sqlalchemy\\engine\\result.py\", line 1774, in all\n    return self._allrows()\n           ~~~~~~~~~~~~~^^\n  File \"C:\\Users\\LENOVO\\AppData\\Roaming\\Python\\Python313\\site-packages\\sqlalchemy\\engine\\result.py\", line 548, in _allrows\n    rows = self._fetchall_impl()\n  File \"C:\\Users\\LENOVO\\AppData\\Roaming\\Python\\Python313\\site-packages\\sqlalchemy\\engine\\result.py\", line 1681, in _fetchall_impl\n    return self._real_result._fetchall_impl()\n           ~~~~~~~~~~~~~~~~~~~~~~~~~~~~~~~~^^\n  File \"C:\\Users\\LENOVO\\AppData\\Roaming\\Python\\Python313\\site-packages\\sqlalchemy\\engine\\result.py\", line 2275, in _fetchall_impl\n    return list(self.iterator)\n  File \"C:\\Users\\LENOVO\\AppData\\Roaming\\Python\\Python313\\site-packages\\sqlalchemy\\orm\\loading.py\", line 220, in chunks\n    fetch = cursor._raw_all_rows()\n  File \"C:\\Users\\LENOVO\\AppData\\Roaming\\Python\\Python313\\site-packages\\sqlalchemy\\engine\\result.py\", line 541, in _raw_all_rows\n    return [make_row(row) for row in rows]\n            ~~~~~~~~^^^^^\n  File \"lib/sqlalchemy/cyextension/resultproxy.pyx\", line 22, in sqlalchemy.cyextension.resultproxy.BaseRow.__init__\n  File \"lib/sqlalchemy/cyextension/resultproxy.pyx\", line 79, in sqlalchemy.cyextension.resultproxy._apply_processors\n  File \"C:\\Users\\LENOVO\\AppData\\Roaming\\Python\\Python313\\site-packages\\sqlalchemy\\sql\\sqltypes.py\", line 1829, in process\n    value = self._object_value_for_elem(value)\n  File \"C:\\Users\\LENOVO\\AppData\\Roaming\\Python\\Python313\\site-packages\\sqlalchemy\\sql\\sqltypes.py\", line 1711, in _object_value_for_elem\n    raise LookupError(\n    ...<7 lines>...\n    ) from err\nLookupError: 'patient' is not among the defined enum values. Enum name: userrole. Possible values: PATIENT, PRACTITIONE.., ADMIN\n"}